Determining if the pthread_create exist failed with the following output:
Change Dir: /home/vishnu/mobrob_ws/build/CMakeFiles/CMakeTmp

Run Build Command:"/usr/bin/make" "cmTC_20bca/fast"
/usr/bin/make -f CMakeFiles/cmTC_20bca.dir/build.make CMakeFiles/cmTC_20bca.dir/build
make[1]: Entering directory '/home/vishnu/mobrob_ws/build/CMakeFiles/CMakeTmp'
Building C object CMakeFiles/cmTC_20bca.dir/CheckSymbolExists.c.o
/usr/bin/cc    -o CMakeFiles/cmTC_20bca.dir/CheckSymbolExists.c.o   -c /home/vishnu/mobrob_ws/build/CMakeFiles/CMakeTmp/CheckSymbolExists.c
Linking C executable cmTC_20bca
/usr/bin/cmake -E cmake_link_script CMakeFiles/cmTC_20bca.dir/link.txt --verbose=1
/usr/bin/cc      -rdynamic CMakeFiles/cmTC_20bca.dir/CheckSymbolExists.c.o  -o cmTC_20bca 
CMakeFiles/cmTC_20bca.dir/CheckSymbolExists.c.o: In function `main':
CheckSymbolExists.c:(.text+0x1b): undefined reference to `pthread_create'
collect2: error: ld returned 1 exit status
CMakeFiles/cmTC_20bca.dir/build.make:97: recipe for target 'cmTC_20bca' failed
make[1]: *** [cmTC_20bca] Error 1
make[1]: Leaving directory '/home/vishnu/mobrob_ws/build/CMakeFiles/CMakeTmp'
Makefile:126: recipe for target 'cmTC_20bca/fast' failed
make: *** [cmTC_20bca/fast] Error 2

File /home/vishnu/mobrob_ws/build/CMakeFiles/CMakeTmp/CheckSymbolExists.c:
/* */
#include <pthread.h>

int main(int argc, char** argv)
{
  (void)argv;
#ifndef pthread_create
  return ((int*)(&pthread_create))[argc];
#else
  (void)argc;
  return 0;
#endif
}

Determining if the function pthread_create exists in the pthreads failed with the following output:
Change Dir: /home/vishnu/mobrob_ws/build/CMakeFiles/CMakeTmp

Run Build Command:"/usr/bin/make" "cmTC_3999a/fast"
/usr/bin/make -f CMakeFiles/cmTC_3999a.dir/build.make CMakeFiles/cmTC_3999a.dir/build
make[1]: Entering directory '/home/vishnu/mobrob_ws/build/CMakeFiles/CMakeTmp'
Building C object CMakeFiles/cmTC_3999a.dir/CheckFunctionExists.c.o
/usr/bin/cc   -DCHECK_FUNCTION_EXISTS=pthread_create   -o CMakeFiles/cmTC_3999a.dir/CheckFunctionExists.c.o   -c /usr/share/cmake-3.10/Modules/CheckFunctionExists.c
Linking C executable cmTC_3999a
/usr/bin/cmake -E cmake_link_script CMakeFiles/cmTC_3999a.dir/link.txt --verbose=1
/usr/bin/cc  -DCHECK_FUNCTION_EXISTS=pthread_create    -rdynamic CMakeFiles/cmTC_3999a.dir/CheckFunctionExists.c.o  -o cmTC_3999a -lpthreads 
/usr/bin/ld: cannot find -lpthreads
collect2: error: ld returned 1 exit status
CMakeFiles/cmTC_3999a.dir/build.make:97: recipe for target 'cmTC_3999a' failed
make[1]: *** [cmTC_3999a] Error 1
make[1]: Leaving directory '/home/vishnu/mobrob_ws/build/CMakeFiles/CMakeTmp'
Makefile:126: recipe for target 'cmTC_3999a/fast' failed
make: *** [cmTC_3999a/fast] Error 2


